Creation Time: 2022_1_22-18-0-36
18-0-36 | Olga 24 (ownerId:84101415 - pos <2763.658936, 68.906021, 4649.276855> - islocked:true - password:36910000) initialized
19-44-6 | Dingo Czech Woodland Truck (ownerId:34611550 - pos <4253.231934, 20.561049, 7297.578613> - islocked:true - password:15862198) initialized
19-52-13 | Pickup Lada (ownerId:987972960 - pos <9568.830078, 23.155432, 8925.393555> - islocked:true - password:69852112) initialized
19-54-32 | Pickup Lada (ownerId:987972960 - pos <9568.830078, 23.155420, 8925.393555> - islocked:true - password:69852112) has been deleted
19-56-15 | Pickup Lada Fire (ownerId:209468752 - pos <5901.253906, 14.996737, 7397.009277> - islocked:true - password:74747474) new car claimed
21-9-43 | Pickup Lada (ownerId:987972960 - pos <9568.830078, 23.155420, 8925.393555> - islocked:true - password:69852112) initialized
21-10-25 | Pickup Lada (ownerId:987972960 - pos <9568.831055, 23.155434, 8925.393555> - islocked:true - password:69852112) has been deleted
21-36-50 | Pickup Lada (ownerId:987972960 - pos <9568.831055, 23.155434, 8925.393555> - islocked:true - password:69852112) initialized
21-37-46 | Pickup Lada (ownerId:987972960 - pos <9568.831055, 23.155424, 8925.393555> - islocked:true - password:69852112) has been deleted
22-47-34 | Dingo Czech Woodland Truck (ownerId:34611550 - pos <4251.290527, 20.561049, 7293.988770> - islocked:true - password:15862198) has been deleted
23-6-55 | Pickup Lada (ownerId:987972960 - pos <9568.831055, 23.152483, 8925.392578> - islocked:true - password:69852112) initialized
23-34-47 | Pickup Lada (ownerId:987972960 - pos <8269.867188, 164.183655, 12296.976563> - islocked:true - password:69852112) has been deleted
23-35-40 | Pickup Lada (ownerId:987972960 - pos <8269.867188, 164.178314, 12296.975586> - islocked:true - password:69852112) initialized
23-35-55 | Pickup Lada (ownerId:987972960 - pos <8269.868164, 164.183044, 12296.975586> - islocked:true - password:69852112) has been deleted
23-46-5 | Pickup Lada Fire (ownerId:209468752 - pos <5916.013184, 14.149108, 7398.003418> - islocked:true - password:74747474) has been deleted
23-46-27 | Pickup Lada Fire (ownerId:209468752 - pos <5916.015625, 14.138831, 7398.002441> - islocked:true - password:74747474) initialized
23-46-43 | Pickup Lada Fire (ownerId:209468752 - pos <5916.015625, 14.148794, 7398.002441> - islocked:true - password:74747474) has been deleted
23-51-32 | Dingo Czech Woodland Truck (ownerId:34611550 - pos <4251.291992, 20.554522, 7293.988770> - islocked:true - password:15862198) initialized
23-53-3 | Dingo Czech Woodland Truck (ownerId:34611550 - pos <4251.290527, 20.561049, 7293.988770> - islocked:true - password:15862198) has been deleted
