Creation Time: 2022_1_15-12-0-35
12-0-35 | Olga 24 (ownerId:84101415 - pos <2764.247070, 68.899788, 4650.458008> - islocked:true - password:36910000) initialized
12-0-35 | PickupLada Toxic Green (ownerId:13191843 - pos <4455.797363, 21.248932, 7341.617188> - islocked:true - password:99624281) initialized
12-50-7 | M3S Covered (ownerId:34611550 - pos <1892.449951, 9.706306, 9311.027344> - islocked:true - password:32546895) initialized
12-50-38 | M3S Covered (ownerId:34611550 - pos <1892.449463, 9.706314, 9311.027344> - islocked:true - password:32546895) has been deleted
13-0-52 | M3S Covered (ownerId:34611550 - pos <1892.449463, 9.706314, 9311.027344> - islocked:true - password:32546895) initialized
13-13-55 | M3S Covered (ownerId:34611550 - pos <1892.448730, 9.706306, 9311.027344> - islocked:true - password:32546895) has been deleted
13-42-38 | Pickup Lada (ownerId:37362182 - pos <8833.684570, 3.096811, 2442.207520> - islocked:false - password:58505850) initialized
13-42-48 | Pickup Lada (ownerId:37362182 - pos <8833.684570, 3.098893, 2442.207520> - islocked:false - password:58505850) has been deleted
13-45-55 | M3S Covered (ownerId:34611550 - pos <1892.448730, 9.706306, 9311.027344> - islocked:true - password:32546895) initialized
14-3-8 | M3S Covered (ownerId:34611550 - pos <4239.607422, 20.709812, 7281.522949> - islocked:false - password:32546895) has been deleted
14-19-34 | M3S Covered (ownerId:34611550 - pos <4239.607422, 20.707628, 7281.523438> - islocked:false - password:32546895) initialized
14-35-7 | Pickup Lada (ownerId:37362182 - pos <8833.684570, 3.098893, 2442.207520> - islocked:false - password:58505850) initialized
14-35-45 | Pickup Lada (ownerId:34611550 - pos <4250.928223, 20.613987, 7277.841309> - islocked:false - password:62198962) initialized
14-36-20 | Pickup Lada (ownerId:34611550 - pos <4250.927734, 20.613987, 7277.841309> - islocked:true - password:62198962) has been deleted
14-36-31 | Pickup Lada (ownerId:34611550 - pos <4250.927734, 20.611908, 7277.841309> - islocked:true - password:62198962) initialized
14-36-46 | Pickup Lada (ownerId:34611550 - pos <4250.927734, 20.613989, 7277.841797> - islocked:true - password:62198962) has been deleted
15-56-12 | Pickup Lada (ownerId:34611550 - pos <4250.927734, 20.613989, 7277.841797> - islocked:true - password:62198962) initialized
15-56-45 | M3S Covered (ownerId:34611550 - pos <4239.607422, 20.709806, 7281.522949> - islocked:true - password:32546895) has been deleted
15-56-56 | M3S Covered (ownerId:34611550 - pos <4239.607422, 20.707624, 7281.523438> - islocked:true - password:32546895) initialized
15-57-8 | M3S Covered (ownerId:34611550 - pos <4239.607422, 20.709820, 7281.522949> - islocked:true - password:32546895) has been deleted
16-3-3 | PickupLada Toxic Green (ownerId:13191843 - pos <6347.564453, 49.514034, 14210.277344> - islocked:true - password:99624281) has been deleted
